<?xml version="1.0" encoding="UTF-8"?>
<!-- Generated by org.testng.reporters.JUnitReportReporter -->
<testsuite hostname="MBP.local" name="com.maven.calculator.calculator_Tong.CalculatorAdvancedOperationsTest" tests="6" failures="0" timestamp="13 Dec 2018 21:37:26 GMT" time="0.232" errors="0">
  <testcase name="test10" time="0.073" classname="com.maven.calculator.calculator_Tong.CalculatorAdvancedOperationsTest"/>
  <testcase name="test4" time="0.023" classname="com.maven.calculator.calculator_Tong.CalculatorAdvancedOperationsTest"/>
  <testcase name="test2" time="0.030" classname="com.maven.calculator.calculator_Tong.CalculatorAdvancedOperationsTest"/>
  <testcase name="test3" time="0.036" classname="com.maven.calculator.calculator_Tong.CalculatorAdvancedOperationsTest"/>
  <testcase name="test5" time="0.035" classname="com.maven.calculator.calculator_Tong.CalculatorAdvancedOperationsTest"/>
  <testcase name="test" time="0.035" classname="com.maven.calculator.calculator_Tong.CalculatorAdvancedOperationsTest"/>
</testsuite> <!-- com.maven.calculator.calculator_Tong.CalculatorAdvancedOperationsTest -->
