<?xml version="1.0" encoding="UTF-8"?>
<!-- Generated by org.testng.reporters.JUnitReportReporter -->
<testsuite hostname="MBP.local" name="com.maven.calculator.calculator_Tong.CalculatorBasicOperationsTest" tests="4" failures="0" timestamp="13 Dec 2018 21:37:26 GMT" time="0.086" errors="0">
  <testcase name="test4" time="0.018" classname="com.maven.calculator.calculator_Tong.CalculatorBasicOperationsTest"/>
  <testcase name="test2" time="0.026" classname="com.maven.calculator.calculator_Tong.CalculatorBasicOperationsTest"/>
  <testcase name="test1" time="0.027" classname="com.maven.calculator.calculator_Tong.CalculatorBasicOperationsTest"/>
  <testcase name="test3" time="0.015" classname="com.maven.calculator.calculator_Tong.CalculatorBasicOperationsTest"/>
</testsuite> <!-- com.maven.calculator.calculator_Tong.CalculatorBasicOperationsTest -->
